notifications/build/intermediates/manifest_merge_blame_file/debug/processDebugManifest/manifest-merger-blame-debug-report.txt
1<?xml version="1.0" encoding="utf-8"?>
2<manifest xmlns:android="http://schemas.android.com/apk/res/android"
3    package="co.taggar.notifications" >
4
5    <uses-sdk android:minSdkVersion="21" />
6
7    <uses-permission android:name="android.permission.POST_NOTIFICATIONS" />
7-->src/main/AndroidManifest.xml:4:5-77
7-->src/main/AndroidManifest.xml:4:22-74
8    <uses-permission android:name="android.permission.INTERNET" />
8-->src/main/AndroidManifest.xml:5:5-67
8-->src/main/AndroidManifest.xml:5:22-64
9
10    <application>
10-->src/main/AndroidManifest.xml:7:5-15:19
11        <service
11-->src/main/AndroidManifest.xml:8:9-14:19
12            android:name="co.taggar.notifications.NotificationService"
12-->src/main/AndroidManifest.xml:9:13-48
13            android:exported="false" >
13-->src/main/AndroidManifest.xml:10:13-37
14            <intent-filter>
14-->src/main/AndroidManifest.xml:11:13-13:29
15                <action android:name="com.google.firebase.MESSAGING_EVENT" />
15-->src/main/AndroidManifest.xml:12:17-78
15-->src/main/AndroidManifest.xml:12:25-75
16            </intent-filter>
17        </service>
18    </application>
19
20</manifest>